<?xml version="1.0" encoding="UTF-8"?>
<!-- Generated by org.testng.reporters.JUnitXMLReporter -->
<testsuite hostname="IT301222" name="Android Emulator" tests="1" failures="0" timestamp="17 Jun 2019 08:55:47 GMT" time="10.499" errors="0">
  <testcase name="@BeforeClass beforeClass" time="0.0" classname="com.cucumber.parallel.mobile.runners.Runner_home_page_feature">
    <failure type="org.testng.TestNGException" message="
Parameter &amp;apos;Test&amp;apos; is required by @Configuration on method beforeClass but has not been marked @Optional or defined
in C:\Users\308758\MobileAutomationLatest\MobileAutomation\src\test\resources\testng.xml">
      <![CDATA[org.testng.TestNGException: 
Parameter 'Test' is required by @Configuration on method beforeClass but has not been marked @Optional or defined
in C:\Users\308758\MobileAutomationLatest\MobileAutomation\src\test\resources\testng.xml
	at java.util.concurrent.FutureTask.run(Unknown Source)
	at java.util.concurrent.ThreadPoolExecutor.runWorker(Unknown Source)
	at java.util.concurrent.ThreadPoolExecutor$Worker.run(Unknown Source)
	at java.lang.Thread.run(Unknown Source)
... Removed 13 stack frames]]>
    </failure>
  </testcase> <!-- @BeforeClass beforeClass -->
  <testcase name="runCuke" time="0.002" classname="com.cucumber.parallel.mobile.runners.Runner_home_page_feature">
    <skipped/>
  </testcase> <!-- runCuke -->
</testsuite> <!-- Android Emulator -->
